<?xml version="1.0" encoding="UTF-8"?>
<testsuites>
	<testsuite name="MyTest-20220712110856" tests="2" file=".py" time="19.953" timestamp="2022-07-12T11:09:16" failures="0" errors="0" skipped="0">
		<testcase classname="MyTest" name="test_api_1_用例测试1" time="19.435" timestamp="2022-07-12T11:09:16" file="tasks\task_running\test_case.py" line="21">
			<!--test_api_1_用例测试1-->
			<system-out><![CDATA[D:\workspace\TestDevelopment\Test_Development\ClassifiedProject\backend\db.sqlite3
D:\workspace\TestDevelopment\Test_Development\ClassifiedProject\backend\db.sqlite3
header_new {'token': '1123123'}
params_body_new {}
{'args': {}, 'headers': {'Accept': '*/*', 'Accept-Encoding': 'gzip, deflate, br', 'Host': 'httpbin.org', 'Token': '1123123', 'User-Agent': 'python-requests/2.27.1', 'X-Amzn-Trace-Id': 'Root=1-62cce5dd-645030204e8832d14b7afb6b'}, 'origin': '183.63.121.226', 'url': 'http://httpbin.org/get'}
extract_obj[2] headers.Token
]]></system-out>
		</testcase>
		<testcase classname="MyTest" name="test_api_2_用例测试2" time="0.518" timestamp="2022-07-12T11:09:16" file="tasks\task_running\test_case.py" line="21">
			<!--test_api_2_用例测试2-->
			<system-out><![CDATA[D:\workspace\TestDevelopment\Test_Development\ClassifiedProject\backend\db.sqlite3
D:\workspace\TestDevelopment\Test_Development\ClassifiedProject\backend\db.sqlite3
(8, 'token123', 'headers.Token', '1123123', '2022-07-12 10:25:46.244282', '2022-07-12 10:25:46.244282', 1, 81)
1123123
D:\workspace\TestDevelopment\Test_Development\ClassifiedProject\backend\db.sqlite3
(4, 'Host', 'headers.Host', 'httpbin.org', '2022-07-05 06:50:30.216758', '2022-07-05 06:50:30.216758', 22, 77)
httpbin.org
header_new {'token': '1123123', 'host': 'httpbin.org'}
params_body_new {}
]]></system-out>
		</testcase>
	</testsuite>
</testsuites>
